Heartbeat at Mon Nov 10 07:43:49 UTC 2025 — 22046
Heartbeat at Mon Nov 10 08:49:03 UTC 2025 — 8930
Heartbeat at Mon Nov 10 10:33:22 UTC 2025 — 9425
Heartbeat at Mon Nov 10 12:46:19 UTC 2025 — 9092
Heartbeat at Mon Nov 10 14:21:52 UTC 2025 — 25272
Heartbeat at Mon Nov 10 14:43:38 UTC 2025 — 16020
Heartbeat at Mon Nov 10 15:26:03 UTC 2025 — 2151
Heartbeat at Mon Nov 10 16:20:20 UTC 2025 — 22678
Heartbeat at Mon Nov 10 16:51:49 UTC 2025 — 7787
Heartbeat at Mon Nov 10 17:20:04 UTC 2025 — 6871
Heartbeat at Mon Nov 10 17:50:04 UTC 2025 — 27071
Heartbeat at Mon Nov 10 18:22:49 UTC 2025 — 23052
Heartbeat at Mon Nov 10 19:03:18 UTC 2025 — 21098
Heartbeat at Mon Nov 10 19:56:12 UTC 2025 — 22473
Heartbeat at Mon Nov 10 20:24:31 UTC 2025 — 17325
Heartbeat at Mon Nov 10 20:50:05 UTC 2025 — 12955
Heartbeat at Mon Nov 10 21:09:46 UTC 2025 — 24177
Heartbeat at Mon Nov 10 21:40:15 UTC 2025 — 29191
Heartbeat at Mon Nov 10 22:17:54 UTC 2025 — 11640
Heartbeat at Mon Nov 10 22:43:11 UTC 2025 — 15337
Heartbeat at Mon Nov 10 23:22:16 UTC 2025 — 30147
Heartbeat at Tue Nov 11 01:03:07 UTC 2025 — 1302
Heartbeat at Tue Nov 11 02:44:09 UTC 2025 — 32744
Heartbeat at Tue Nov 11 03:52:04 UTC 2025 — 2395
Heartbeat at Tue Nov 11 04:31:33 UTC 2025 — 12639
Heartbeat at Tue Nov 11 04:56:43 UTC 2025 — 16405
Heartbeat at Tue Nov 11 05:24:52 UTC 2025 — 17068
Heartbeat at Tue Nov 11 05:48:10 UTC 2025 — 5615
Heartbeat at Tue Nov 11 06:29:23 UTC 2025 — 5085
Heartbeat at Tue Nov 11 07:09:40 UTC 2025 — 8053
Heartbeat at Tue Nov 11 07:45:38 UTC 2025 — 22690
Heartbeat at Tue Nov 11 08:29:31 UTC 2025 — 32711
Heartbeat at Tue Nov 11 08:53:10 UTC 2025 — 11377
Heartbeat at Tue Nov 11 09:14:55 UTC 2025 — 2388
Heartbeat at Tue Nov 11 09:56:05 UTC 2025 — 2939
Heartbeat at Tue Nov 11 11:17:55 UTC 2025 — 24590
Heartbeat at Tue Nov 11 13:17:03 UTC 2025 — 12637
Heartbeat at Tue Nov 11 13:55:35 UTC 2025 — 28760
Heartbeat at Tue Nov 11 14:11:26 UTC 2025 — 32203
Heartbeat at Tue Nov 11 14:49:44 UTC 2025 — 15003
Heartbeat at Tue Nov 11 15:14:54 UTC 2025 — 143
Heartbeat at Tue Nov 11 15:45:25 UTC 2025 — 28807
Heartbeat at Tue Nov 11 16:51:48 UTC 2025 — 11025
Heartbeat at Tue Nov 11 17:22:17 UTC 2025 — 29393
Heartbeat at Tue Nov 11 17:43:51 UTC 2025 — 13192
Heartbeat at Tue Nov 11 18:16:50 UTC 2025 — 3135
Heartbeat at Tue Nov 11 18:56:41 UTC 2025 — 28183
Heartbeat at Tue Nov 11 19:14:16 UTC 2025 — 4942
Heartbeat at Tue Nov 11 19:36:40 UTC 2025 — 11054
Heartbeat at Tue Nov 11 20:41:54 UTC 2025 — 2409
Heartbeat at Tue Nov 11 21:42:19 UTC 2025 — 23421
Heartbeat at Tue Nov 11 22:45:44 UTC 2025 — 15987
Heartbeat at Tue Nov 11 23:28:16 UTC 2025 — 260
Heartbeat at Tue Nov 11 23:42:42 UTC 2025 — 16342
Heartbeat at Wed Nov 12 00:56:15 UTC 2025 — 13137
Heartbeat at Wed Nov 12 02:26:19 UTC 2025 — 19480
Heartbeat at Wed Nov 12 03:36:40 UTC 2025 — 414
Heartbeat at Wed Nov 12 04:12:51 UTC 2025 — 18856
Heartbeat at Wed Nov 12 04:28:37 UTC 2025 — 3442
Heartbeat at Wed Nov 12 04:50:49 UTC 2025 — 11860
Heartbeat at Wed Nov 12 05:22:17 UTC 2025 — 8736
Heartbeat at Wed Nov 12 06:53:39 UTC 2025 — 32045
Heartbeat at Wed Nov 12 07:25:45 UTC 2025 — 4124
Heartbeat at Wed Nov 12 08:32:07 UTC 2025 — 3508
Heartbeat at Wed Nov 12 09:30:50 UTC 2025 — 3274
Heartbeat at Wed Nov 12 09:58:57 UTC 2025 — 24038
Heartbeat at Wed Nov 12 10:25:20 UTC 2025 — 8187
Heartbeat at Wed Nov 12 11:19:25 UTC 2025 — 3929
Heartbeat at Wed Nov 12 11:40:41 UTC 2025 — 31378
Heartbeat at Wed Nov 12 12:25:51 UTC 2025 — 24518
Heartbeat at Wed Nov 12 14:09:07 UTC 2025 — 28782
Heartbeat at Wed Nov 12 14:24:42 UTC 2025 — 18049
Heartbeat at Wed Nov 12 14:55:41 UTC 2025 — 1410
Heartbeat at Wed Nov 12 15:49:48 UTC 2025 — 23387
Heartbeat at Wed Nov 12 17:03:55 UTC 2025 — 61
Heartbeat at Wed Nov 12 17:18:49 UTC 2025 — 24286
Heartbeat at Wed Nov 12 17:56:32 UTC 2025 — 30661
Heartbeat at Wed Nov 12 18:31:03 UTC 2025 — 248
Heartbeat at Wed Nov 12 19:02:10 UTC 2025 — 25052
Heartbeat at Wed Nov 12 19:17:14 UTC 2025 — 20875
Heartbeat at Wed Nov 12 19:38:15 UTC 2025 — 14247
Heartbeat at Wed Nov 12 20:26:12 UTC 2025 — 25236
Heartbeat at Wed Nov 12 20:46:47 UTC 2025 — 4527
Heartbeat at Wed Nov 12 21:52:03 UTC 2025 — 4391
Heartbeat at Wed Nov 12 22:57:37 UTC 2025 — 21597
Heartbeat at Wed Nov 12 23:29:01 UTC 2025 — 21497
Heartbeat at Wed Nov 12 23:40:46 UTC 2025 — 14025
Heartbeat at Thu Nov 13 00:53:03 UTC 2025 — 2016
Heartbeat at Thu Nov 13 02:47:27 UTC 2025 — 6968
Heartbeat at Thu Nov 13 03:53:59 UTC 2025 — 10573
Heartbeat at Thu Nov 13 04:22:48 UTC 2025 — 25162
Heartbeat at Thu Nov 13 04:54:19 UTC 2025 — 4017
Heartbeat at Thu Nov 13 05:11:22 UTC 2025 — 19000
Heartbeat at Thu Nov 13 05:45:52 UTC 2025 — 32424
Heartbeat at Thu Nov 13 06:34:40 UTC 2025 — 19446
Heartbeat at Thu Nov 13 06:54:12 UTC 2025 — 11557
Heartbeat at Thu Nov 13 07:17:15 UTC 2025 — 1180
Heartbeat at Thu Nov 13 07:49:07 UTC 2025 — 28152
Heartbeat at Thu Nov 13 09:50:35 UTC 2025 — 26175
Heartbeat at Thu Nov 13 10:21:57 UTC 2025 — 3203
Heartbeat at Thu Nov 13 10:52:22 UTC 2025 — 3807
Heartbeat at Thu Nov 13 11:20:07 UTC 2025 — 24698
Heartbeat at Thu Nov 13 11:54:16 UTC 2025 — 7529
Heartbeat at Thu Nov 13 12:25:41 UTC 2025 — 17522
Heartbeat at Thu Nov 13 13:10:36 UTC 2025 — 17400
Heartbeat at Thu Nov 13 13:49:45 UTC 2025 — 10222
Heartbeat at Thu Nov 13 14:13:47 UTC 2025 — 7627
Heartbeat at Thu Nov 13 14:44:12 UTC 2025 — 17376
Heartbeat at Thu Nov 13 15:21:27 UTC 2025 — 23260
Heartbeat at Thu Nov 13 15:44:14 UTC 2025 — 25229
Heartbeat at Thu Nov 13 16:27:59 UTC 2025 — 30137
Heartbeat at Thu Nov 13 16:53:12 UTC 2025 — 16601
Heartbeat at Thu Nov 13 17:59:24 UTC 2025 — 16123
Heartbeat at Thu Nov 13 18:21:36 UTC 2025 — 20682
Heartbeat at Thu Nov 13 18:56:25 UTC 2025 — 7822
Heartbeat at Thu Nov 13 19:08:10 UTC 2025 — 24247
Heartbeat at Thu Nov 13 19:43:53 UTC 2025 — 18753
Heartbeat at Thu Nov 13 20:30:14 UTC 2025 — 31791
Heartbeat at Thu Nov 13 20:48:00 UTC 2025 — 1644
Heartbeat at Thu Nov 13 21:22:20 UTC 2025 — 3003
Heartbeat at Thu Nov 13 21:37:31 UTC 2025 — 725
Heartbeat at Thu Nov 13 22:23:01 UTC 2025 — 8853
Heartbeat at Thu Nov 13 23:19:33 UTC 2025 — 10993
Heartbeat at Fri Nov 14 01:01:01 UTC 2025 — 5047
Heartbeat at Fri Nov 14 02:41:41 UTC 2025 — 14601
Heartbeat at Fri Nov 14 03:35:51 UTC 2025 — 20525
Heartbeat at Fri Nov 14 04:10:15 UTC 2025 — 6544
Heartbeat at Fri Nov 14 04:23:15 UTC 2025 — 26731
Heartbeat at Fri Nov 14 04:45:01 UTC 2025 — 10252
Heartbeat at Fri Nov 14 06:17:15 UTC 2025 — 31711
Heartbeat at Fri Nov 14 07:07:35 UTC 2025 — 319
Heartbeat at Fri Nov 14 07:13:51 UTC 2025 — 901
Heartbeat at Fri Nov 14 07:46:43 UTC 2025 — 8553
Heartbeat at Fri Nov 14 08:24:41 UTC 2025 — 7822
Heartbeat at Fri Nov 14 10:25:36 UTC 2025 — 6969
Heartbeat at Fri Nov 14 10:55:57 UTC 2025 — 23942
Heartbeat at Fri Nov 14 11:25:13 UTC 2025 — 9387
Heartbeat at Fri Nov 14 12:38:09 UTC 2025 — 17360
Heartbeat at Fri Nov 14 13:21:40 UTC 2025 — 13090
Heartbeat at Fri Nov 14 13:57:14 UTC 2025 — 30682
Heartbeat at Fri Nov 14 14:58:09 UTC 2025 — 10393
Heartbeat at Fri Nov 14 15:28:48 UTC 2025 — 6776
Heartbeat at Fri Nov 14 15:42:02 UTC 2025 — 13253
